<?xml version="1.0" encoding="UTF-8"?>
<!-- Generated by org.testng.reporters.JUnitReportReporter -->
<testsuite name="com.TestCasesLeavePortal.TC_LoginTestDDT" tests="1" time="0.000" ignored="0" failures="0" timestamp="30 Dec 2022 12:38:15 GMT" skipped="1" hostname="DTBLR01LP216" errors="0">
  <testcase name="LoginDDT" time="0.000" classname="com.TestCasesLeavePortal.TC_LoginTestDDT">
    <skipped/>
  </testcase> <!-- LoginDDT -->
</testsuite> <!-- com.TestCasesLeavePortal.TC_LoginTestDDT -->
