<?xml version="1.0" encoding="UTF-8"?>
<!-- Generated by org.testng.reporters.JUnitReportReporter -->
<testsuite name="com.TestCasesLeavePortal.TC_005_HolidayList" tests="1" time="6.497" ignored="0" failures="0" timestamp="09 Jan 2023 05:47:54 GMT" skipped="0" hostname="DTBLR01LP216" errors="0">
  <testcase name="holidayList" time="6.497" classname="com.TestCasesLeavePortal.TC_005_HolidayList"/>
</testsuite> <!-- com.TestCasesLeavePortal.TC_005_HolidayList -->
