<?xml version="1.0" encoding="UTF-8"?>
<!-- Generated by org.testng.reporters.JUnitReportReporter -->
<testsuite name="com.TestCasesLeavePortal.TC_001_LoginTest_001" tests="1" time="0.088" ignored="0" failures="0" timestamp="23 Dec 2022 09:12:05 GMT" skipped="0" hostname="DTBLR01LP216" errors="0">
  <testcase name="LoginTest" time="0.088" classname="com.TestCasesLeavePortal.TC_001_LoginTest_001"/>
</testsuite> <!-- com.TestCasesLeavePortal.TC_001_LoginTest_001 -->
