<?xml version="1.0" encoding="UTF-8"?>
<!-- Generated by org.testng.reporters.JUnitReportReporter -->
<testsuite name="com.TestCasesLeavePortal.TC_004_LeavePolicy" tests="1" time="8.479" ignored="0" failures="0" timestamp="09 Jan 2023 07:18:36 GMT" skipped="0" hostname="DTBLR01LP216" errors="0">
  <testcase name="LeavePolicy" time="8.479" classname="com.TestCasesLeavePortal.TC_004_LeavePolicy"/>
</testsuite> <!-- com.TestCasesLeavePortal.TC_004_LeavePolicy -->
