<?xml version="1.0" encoding="UTF-8"?>
<!-- Generated by org.testng.reporters.JUnitReportReporter -->
<testsuite name="com.TestCasesLeavePortal.TC_011_RejectLeave" tests="1" time="31.454" ignored="0" failures="0" timestamp="04 Jan 2023 06:38:45 GMT" skipped="0" hostname="DTBLR01LP216" errors="0">
  <testcase name="apply" time="31.454" classname="com.TestCasesLeavePortal.TC_011_RejectLeave"/>
</testsuite> <!-- com.TestCasesLeavePortal.TC_011_RejectLeave -->
