<?xml version="1.0" encoding="UTF-8"?>
<!-- Generated by org.testng.reporters.JUnitReportReporter -->
<testsuite hostname="DTBLR01LP216" name="com.TestCasesLeavePortal.TC_HomePage_002" tests="1" failures="0" timestamp="19 Dec 2022 11:21:56 GMT" time="0.092" errors="0">
  <testcase name="LeaveSummary" time="0.092" classname="com.TestCasesLeavePortal.TC_HomePage_002"/>
</testsuite> <!-- com.TestCasesLeavePortal.TC_HomePage_002 -->
