<?xml version="1.0" encoding="UTF-8"?>
<!-- Generated by org.testng.reporters.JUnitReportReporter -->
<testsuite name="com.TestCasesLeavePortal.TC_006_ChangePassword" tests="1" time="16.304" ignored="0" failures="0" timestamp="02 Jan 2023 10:42:44 GMT" skipped="0" hostname="DTBLR01LP216" errors="0">
  <testcase name="changePassword" time="16.304" classname="com.TestCasesLeavePortal.TC_006_ChangePassword"/>
</testsuite> <!-- com.TestCasesLeavePortal.TC_006_ChangePassword -->
