<?xml version="1.0" encoding="UTF-8"?>
<!-- Generated by org.testng.reporters.JUnitReportReporter -->
<testsuite name="com.TestCasesLeavePortal.rejectLeave" tests="2" time="21.036" ignored="0" failures="0" timestamp="04 Jan 2023 06:38:45 GMT" skipped="0" hostname="DTBLR01LP216" errors="0">
  <testcase name="RejectLeave" time="14.455" classname="com.TestCasesLeavePortal.rejectLeave"/>
  <testcase name="ViewLeaveDetail" time="6.581" classname="com.TestCasesLeavePortal.rejectLeave"/>
</testsuite> <!-- com.TestCasesLeavePortal.rejectLeave -->
