<?xml version="1.0" encoding="UTF-8"?>
<!-- Generated by org.testng.reporters.JUnitReportReporter -->
<testsuite name="com.TestCasesLeavePortal.TC_007_Logout" tests="1" time="0.001" ignored="0" failures="0" timestamp="02 Jan 2023 10:29:10 GMT" skipped="1" hostname="DTBLR01LP216" errors="0">
  <testcase name="Logout" time="0.001" classname="com.TestCasesLeavePortal.TC_007_Logout">
    <skipped/>
  </testcase> <!-- Logout -->
</testsuite> <!-- com.TestCasesLeavePortal.TC_007_Logout -->
