<?xml version="1.0" encoding="UTF-8"?>
<!-- Generated by org.testng.reporters.JUnitReportReporter -->
<testsuite name="com.TestCasesLeavePortal.TC_010_ViewEmpLeaveDetails" tests="2" time="6.488" ignored="0" failures="0" timestamp="03 Jan 2023 06:48:38 GMT" skipped="0" hostname="DTBLR01LP216" errors="0">
  <testcase name="Managerlogin" time="0.019" classname="com.TestCasesLeavePortal.TC_010_ViewEmpLeaveDetails"/>
  <testcase name="ViewLeaveDetail" time="6.469" classname="com.TestCasesLeavePortal.TC_010_ViewEmpLeaveDetails"/>
</testsuite> <!-- com.TestCasesLeavePortal.TC_010_ViewEmpLeaveDetails -->
