<?xml version="1.0" encoding="UTF-8"?>
<!-- Generated by org.testng.reporters.JUnitReportReporter -->
<testsuite name="com.TestCasesLeavePortal.TC_008_ViewAppliedLeave" tests="1" time="22.753" ignored="0" failures="0" timestamp="03 Jan 2023 10:03:45 GMT" skipped="0" hostname="DTBLR01LP216" errors="0">
  <testcase name="ViewLeaveDetail" time="22.753" classname="com.TestCasesLeavePortal.TC_008_ViewAppliedLeave"/>
</testsuite> <!-- com.TestCasesLeavePortal.TC_008_ViewAppliedLeave -->
