<?xml version="1.0" encoding="UTF-8"?>
<!-- Generated by org.testng.reporters.JUnitReportReporter -->
<testsuite name="com.TestCasesLeavePortal.TC_002_HomePage" tests="2" time="0.909" ignored="0" failures="0" timestamp="09 Jan 2023 10:42:19 GMT" skipped="0" hostname="DTBLR01LP216" errors="0">
  <testcase name="show_Leave_Details" time="0.436" classname="com.TestCasesLeavePortal.TC_002_HomePage"/>
  <testcase name="show_Employee_Details" time="0.473" classname="com.TestCasesLeavePortal.TC_002_HomePage"/>
</testsuite> <!-- com.TestCasesLeavePortal.TC_002_HomePage -->
