<?xml version="1.0" encoding="UTF-8"?>
<!-- Generated by org.testng.reporters.JUnitReportReporter -->
<testsuite name="com.TestCasesLeavePortal.Sstest" tests="1" time="0.073" ignored="0" failures="0" timestamp="30 Dec 2022 12:04:55 GMT" skipped="0" hostname="DTBLR01LP216" errors="0">
  <testcase name="LoginTest" time="0.073" classname="com.TestCasesLeavePortal.Sstest"/>
</testsuite> <!-- com.TestCasesLeavePortal.Sstest -->
