<?xml version="1.0" encoding="UTF-8"?>
<!-- Generated by org.testng.reporters.JUnitReportReporter -->
<testsuite name="com.TestCasesLeavePortal.TC_001_EmployeeLoginTest" tests="10" time="87.326" ignored="0" failures="0" timestamp="04 Jan 2023 06:38:45 GMT" skipped="0" hostname="DTBLR01LP216" errors="0">
  <testcase name="show_Leave_Details" time="0.272" classname="com.TestCasesLeavePortal.TC_001_EmployeeLoginTest"/>
  <testcase name="LoginTest" time="0.084" classname="com.TestCasesLeavePortal.TC_001_EmployeeLoginTest"/>
  <testcase name="ApplyLeave" time="31.337" classname="com.TestCasesLeavePortal.TC_001_EmployeeLoginTest"/>
  <testcase name="show_Employee_Details" time="0.397" classname="com.TestCasesLeavePortal.TC_001_EmployeeLoginTest"/>
  <testcase name="LeavePolicy" time="3.419" classname="com.TestCasesLeavePortal.TC_001_EmployeeLoginTest"/>
  <testcase name="holidayList" time="6.215" classname="com.TestCasesLeavePortal.TC_001_EmployeeLoginTest"/>
  <testcase name="ViewLeaveDetail" time="7.333" classname="com.TestCasesLeavePortal.TC_001_EmployeeLoginTest"/>
  <testcase name="CancelAppliedLeave" time="12.319" classname="com.TestCasesLeavePortal.TC_001_EmployeeLoginTest"/>
  <testcase name="changePassword" time="18.838" classname="com.TestCasesLeavePortal.TC_001_EmployeeLoginTest"/>
  <testcase name="ChangePasswordDigit" time="7.112" classname="com.TestCasesLeavePortal.TC_001_EmployeeLoginTest"/>
</testsuite> <!-- com.TestCasesLeavePortal.TC_001_EmployeeLoginTest -->
