<?xml version="1.0" encoding="UTF-8"?>
<!-- Generated by org.testng.reporters.JUnitReportReporter -->
<testsuite name="com.TestCasesLeavePortal.AttendanceTest" tests="1" time="0.857" ignored="0" failures="0" timestamp="09 Jan 2023 11:20:05 GMT" skipped="0" hostname="DTBLR01LP216" errors="0">
  <testcase name="TC_Attendance" time="0.857" classname="com.TestCasesLeavePortal.AttendanceTest"/>
</testsuite> <!-- com.TestCasesLeavePortal.AttendanceTest -->
