<?xml version="1.0" encoding="UTF-8"?>
<!-- Generated by org.testng.reporters.JUnitReportReporter -->
<testsuite hostname="DTBLR01LP216" name="com.TestCasesLeavePortal.TC_LoginTest_001" tests="1" failures="0" timestamp="20 Dec 2022 05:35:34 GMT" time="0.032" errors="0">
  <testcase name="LoginTest" time="0.032" classname="com.TestCasesLeavePortal.TC_LoginTest_001"/>
</testsuite> <!-- com.TestCasesLeavePortal.TC_LoginTest_001 -->
